#
# A fatal error has been detected by the Java Runtime Environment:
#
#  EXCEPTION_ACCESS_VIOLATION (0xc0000005) at pc=0x000000006a238624, pid=16620, tid=13180
#
# JRE version: 7.0_11-b21
# Java VM: Java HotSpot(TM) 64-Bit Server VM (23.6-b04 mixed mode windows-amd64 compressed oops)
# Problematic frame:
# C  0x000000006a238624
#
# Failed to write core dump. Minidumps are not enabled by default on client versions of Windows
#
# If you would like to submit a bug report, please visit:
#   http://bugreport.sun.com/bugreport/crash.jsp
# The crash happened outside the Java Virtual Machine in native code.
# See problematic frame for where to report the bug.
#

---------------  T H R E A D  ---------------

Current thread (0x0000000065b3c000):  JavaThread "AWT-EventQueue-0" [_thread_in_native, id=13180, stack(0x0000000097ff0000,0x000000009bff0000)]

siginfo: ExceptionCode=0xc0000005, reading address 0x0000000000000008

Registers:
RAX=0x000000000000000d, RBX=0x0000000065b3c1d8, RCX=0x0000000000000000, RDX=0x000000000a010ee2
RSP=0x000000009bfed998, RBP=0x0000000065b3c1d8, RSI=0x00000000904e0f10, RDI=0x00000000ccf4ee70
R8 =0x000000000000000a, R9 =0x00000000000a0ee2, R10=0x0000000015640000, R11=0x0000000000000ee2
R12=0x000000000a010ee2, R13=0x0000000000000000, R14=0x000000009bfee130, R15=0x0000000065b3c000
RIP=0x000000006a238624, EFLAGS=0x0000000000010206

Top of Stack: (sp=0x000000009bfed998)
0x000000009bfed998:   000000006a1f9589 0000000065b3c1d8
0x000000009bfed9a8:   00000000904e0f10 000000000049414e
0x000000009bfed9b8:   000000000000001d 0000000000000000
0x000000009bfed9c8:   00000000904e0f10 000000009bfee120
0x000000009bfed9d8:   000000006a1da6b1 0000000065b3c1d8
0x000000009bfed9e8:   0000000000000000 000000009bfedb01
0x000000009bfed9f8:   000000003306b1e8 0000000090691e40
0x000000009bfeda08:   000000006a1f627a 000000009bfee120
0x000000009bfeda18:   000000009bfedb10 0000000065b3c1d8
0x000000009bfeda28:   0000000000000000 00000000fa4cdad8
0x000000009bfeda38:   00000000e832d3c0 00000000e9b06890
0x000000009bfeda48:   00000000e80e7838 0000001c0000005d
0x000000009bfeda58:   000000d800000000 000000e000000000
0x000000009bfeda68:   00000000e8257470 0000000033081654
0x000000009bfeda78:   00000000fa4be6c0 00000000e80e7838
0x000000009bfeda88:   000000009bfee118 0000000065b3c1d8 

Instructions: (pc=0x000000006a238624)
0x000000006a238604:   5e 41 5d 41 5c 5f c3 cc 48 8b 41 08 48 05 00 04
0x000000006a238614:   00 00 c3 cc 48 8b 41 08 48 8b 80 18 0c 00 00 c3
0x000000006a238624:   48 8b 49 08 48 85 c9 74 05 e9 0e 72 fe ff 33 c0
0x000000006a238634:   c3 cc cc cc 48 83 ec 28 48 8b 49 08 48 85 c9 74 


Register to memory mapping:

RAX=0x000000000000000d is an unknown value
RBX=0x0000000065b3c1d8 is an unknown value
RCX=0x0000000000000000 is an unknown value
RDX=0x000000000a010ee2 is pointing into the stack for thread: 0x0000000090704800
RSP=0x000000009bfed998 is pointing into the stack for thread: 0x0000000065b3c000
RBP=0x0000000065b3c1d8 is an unknown value
RSI=0x00000000904e0f10 is an unknown value
RDI=0x00000000ccf4ee70 is an unknown value
R8 =0x000000000000000a is an unknown value
R9 =0x00000000000a0ee2 is an unknown value
R10=0x0000000015640000 is an unknown value
R11=0x0000000000000ee2 is an unknown value
R12=0x000000000a010ee2 is pointing into the stack for thread: 0x0000000090704800
R13=0x0000000000000000 is an unknown value
R14=0x000000009bfee130 is pointing into the stack for thread: 0x0000000065b3c000
R15=0x0000000065b3c000 is a thread


Stack: [0x0000000097ff0000,0x000000009bff0000],  sp=0x000000009bfed998,  free space=65526k
Native frames: (J=compiled Java code, j=interpreted, Vv=VM code, C=native code)
C  0x000000006a238624

Java frames: (J=compiled Java code, j=interpreted, Vv=VM code)
j  sun.java2d.windows.GDIBlitLoops.nativeBlit(Lsun/java2d/SurfaceData;Lsun/java2d/SurfaceData;Lsun/java2d/pipe/Region;IIIIIIIIIZ)V+0
j  sun.java2d.windows.GDIBlitLoops.Blit(Lsun/java2d/SurfaceData;Lsun/java2d/SurfaceData;Ljava/awt/Composite;Lsun/java2d/pipe/Region;IIIIII)V+33
J  sun.java2d.pipe.DrawImage.copyImage(Lsun/java2d/SunGraphics2D;Ljava/awt/Image;IILjava/awt/Color;Ljava/awt/image/ImageObserver;)Z
J  sun.java2d.SunGraphics2D.drawImage(Ljava/awt/Image;IILjava/awt/image/ImageObserver;)Z
J  javax.swing.RepaintManager$PaintManager.paintDoubleBuffered(Ljavax/swing/JComponent;Ljava/awt/Image;Ljava/awt/Graphics;IIII)V
J  javax.swing.RepaintManager$PaintManager.paint(Ljavax/swing/JComponent;Ljavax/swing/JComponent;Ljava/awt/Graphics;IIII)Z
j  javax.swing.RepaintManager.paint(Ljavax/swing/JComponent;Ljavax/swing/JComponent;Ljava/awt/Graphics;IIII)V+52
J  javax.swing.JComponent.paint(Ljava/awt/Graphics;)V
j  java.awt.GraphicsCallback$PaintCallback.run(Ljava/awt/Component;Ljava/awt/Graphics;)V+2
j  sun.awt.SunGraphicsCallback.runOneComponent(Ljava/awt/Component;Ljava/awt/Rectangle;Ljava/awt/Graphics;Ljava/awt/Shape;I)V+155
j  sun.awt.SunGraphicsCallback.runComponents([Ljava/awt/Component;Ljava/awt/Graphics;I)V+194
j  java.awt.Container.paint(Ljava/awt/Graphics;)V+58
j  java.awt.Window.paint(Ljava/awt/Graphics;)V+68
J  javax.swing.RepaintManager.paintDirtyRegions(Ljava/util/Map;)V
j  javax.swing.RepaintManager.paintDirtyRegions()V+46
j  javax.swing.RepaintManager.prePaintDirtyRegions()V+73
j  javax.swing.RepaintManager.access$700(Ljavax/swing/RepaintManager;)V+1
j  javax.swing.RepaintManager$ProcessingRunnable.run()V+37
J  java.awt.EventQueue$3.run()Ljava/lang/Object;
v  ~StubRoutines::call_stub
J  java.security.AccessController.doPrivileged(Ljava/security/PrivilegedAction;Ljava/security/AccessControlContext;)Ljava/lang/Object;
J  java.awt.EventDispatchThread.pumpOneEventForFilters(I)V
J  java.awt.EventDispatchThread.pumpEventsForFilter(ILjava/awt/Conditional;Ljava/awt/EventFilter;)V
j  java.awt.EventDispatchThread.pumpEventsForHierarchy(ILjava/awt/Conditional;Ljava/awt/Component;)V+11
j  java.awt.EventDispatchThread.pumpEvents(ILjava/awt/Conditional;)V+4
j  java.awt.EventDispatchThread.pumpEvents(Ljava/awt/Conditional;)V+3
j  java.awt.EventDispatchThread.run()V+9
v  ~StubRoutines::call_stub

---------------  P R O C E S S  ---------------

Java Threads: ( => current thread )
  0x0000000090713800 JavaThread "Code Analyzer updating thread" [_thread_blocked, id=3144, stack(0x000000013c000000,0x0000000140000000)]
  0x000000009070e800 JavaThread "Code Analyzer updating thread" [_thread_blocked, id=7356, stack(0x0000000138000000,0x000000013c000000)]
  0x0000000090711800 JavaThread "Code Analyzer updating thread" [_thread_blocked, id=10596, stack(0x0000000130000000,0x0000000134000000)]
  0x0000000090d3f800 JavaThread "Code Analyzer updating thread" [_thread_blocked, id=15120, stack(0x000000012c000000,0x0000000130000000)]
  0x0000000090d44800 JavaThread "Code Analyzer updating thread" [_thread_blocked, id=13944, stack(0x00000000b3ff0000,0x00000000b7ff0000)]
  0x0000000090d3e800 JavaThread "Code Analyzer updating thread" [_thread_blocked, id=2904, stack(0x0000000004750000,0x0000000008750000)]
  0x0000000066e42800 JavaThread "Code Analyzer updating thread" [_thread_blocked, id=18360, stack(0x00000000d1ed0000,0x00000000d5ed0000)]
  0x0000000090704800 JavaThread "Code Analyzer updating thread" [_thread_blocked, id=3792, stack(0x0000000008750000,0x000000000c750000)]
  0x0000000065b45000 JavaThread "Code Analyzer updating thread" [_thread_blocked, id=18412, stack(0x0000000124000000,0x0000000128000000)]
  0x0000000066e41800 JavaThread "Code Analyzer updating thread" [_thread_blocked, id=3076, stack(0x0000000120000000,0x0000000124000000)]
  0x0000000065647800 JavaThread "Code Analyzer updating thread" [_thread_blocked, id=16780, stack(0x000000011c000000,0x0000000120000000)]
  0x0000000066e44800 JavaThread "Code Analyzer updating thread" [_thread_blocked, id=11292, stack(0x0000000114000000,0x0000000118000000)]
  0x0000000065b3f000 JavaThread "Prefs Updater" daemon [_thread_blocked, id=16400, stack(0x00000000cded0000,0x00000000d1ed0000)]
  0x0000000065b40000 JavaThread "Active Reference Queue Daemon" daemon [_thread_blocked, id=17980, stack(0x0000000110000000,0x0000000114000000)]
  0x0000000065b44800 JavaThread "Timer-1" daemon [_thread_blocked, id=9236, stack(0x000000010c000000,0x0000000110000000)]
  0x0000000065b42000 JavaThread "ClipboardMonitor Timer" daemon [_thread_blocked, id=17940, stack(0x0000000100000000,0x0000000104000000)]
  0x0000000065b41800 JavaThread "Swing-Shell" daemon [_thread_blocked, id=15108, stack(0x0000000104000000,0x0000000108000000)]
  0x0000000065b3a800 JavaThread "Explorer NavigationContext request queue" daemon [_thread_blocked, id=6356, stack(0x00000000d5ed0000,0x00000000d9ed0000)]
  0x0000000065b3d800 JavaThread "AddressBar directory emptiness poller" daemon [_thread_blocked, id=19100, stack(0x00000000c8f00000,0x00000000ccf00000)]
  0x0000000065b37800 JavaThread "Explorer Refresh Service 607236357" daemon [_thread_blocked, id=18532, stack(0x00000000c4f00000,0x00000000c8f00000)]
  0x0000000065b3d000 JavaThread "Thread-4" daemon [_thread_blocked, id=19104, stack(0x00000000c0f00000,0x00000000c4f00000)]
  0x0000000065648000 JavaThread "TimerQueue" daemon [_thread_blocked, id=18596, stack(0x00000000b7ff0000,0x00000000bbff0000)]
  0x0000000065b3a000 JavaThread "Thread-3" daemon [_thread_blocked, id=17592, stack(0x000000009bff0000,0x000000009fff0000)]
=>0x0000000065b3c000 JavaThread "AWT-EventQueue-0" [_thread_in_native, id=13180, stack(0x0000000097ff0000,0x000000009bff0000)]
  0x0000000065b39000 JavaThread "AWT-Shutdown" [_thread_blocked, id=14560, stack(0x0000000087ff0000,0x000000008bff0000)]
  0x0000000065b38800 JavaThread "FelixPackageAdmin" daemon [_thread_blocked, id=16048, stack(0x00000000a7ff0000,0x00000000abff0000)]
  0x0000000065b37000 JavaThread "FelixStartLevel" daemon [_thread_blocked, id=16376, stack(0x00000000a3ff0000,0x00000000a7ff0000)]
  0x0000000065649000 JavaThread "FelixDispatchQueue" daemon [_thread_blocked, id=17796, stack(0x000000009fff0000,0x00000000a3ff0000)]
  0x000000006564d800 JavaThread "com.google.common.base.internal.Finalizer" daemon [_thread_blocked, id=3160, stack(0x0000000093ff0000,0x0000000097ff0000)]
  0x000000006564c800 JavaThread "AWT-Windows" daemon [_thread_in_native, id=18292, stack(0x000000008bff0000,0x000000008fff0000)]
  0x000000006564c000 JavaThread "Java2D Disposer" daemon [_thread_blocked, id=17020, stack(0x0000000083ff0000,0x0000000087ff0000)]
  0x000000006564a800 JavaThread "Timer-0" [_thread_blocked, id=17176, stack(0x000000007fff0000,0x0000000083ff0000)]
  0x0000000065649800 JavaThread "EventMgr Dispatcher" daemon [_thread_in_native, id=5576, stack(0x000000007bf60000,0x000000007ff60000)]
  0x0000000032771800 JavaThread "Service Thread" daemon [_thread_blocked, id=3436, stack(0x0000000073f60000,0x0000000077f60000)]
  0x0000000032769800 JavaThread "C2 CompilerThread1" daemon [_thread_blocked, id=3984, stack(0x000000006ff60000,0x0000000073f60000)]
  0x0000000032768000 JavaThread "C2 CompilerThread0" daemon [_thread_blocked, id=3808, stack(0x0000000061370000,0x0000000065370000)]
  0x0000000032763800 JavaThread "Attach Listener" daemon [_thread_blocked, id=10164, stack(0x000000005d370000,0x0000000061370000)]
  0x0000000032737000 JavaThread "Finalizer" daemon [_thread_blocked, id=4328, stack(0x00000000588d0000,0x000000005c8d0000)]
  0x0000000032731000 JavaThread "Reference Handler" daemon [_thread_blocked, id=1732, stack(0x00000000548d0000,0x00000000588d0000)]
  0x00000000324db000 JavaThread "main" [_thread_in_native, id=16764, stack(0x0000000000400000,0x0000000004400000)]

Other Threads:
  0x000000003272e800 VMThread [stack: 0x00000000508d0000,0x00000000548d0000] [id=14676]
  0x00000000327be000 WatcherThread [stack: 0x0000000077f60000,0x000000007bf60000] [id=4552]

VM state:not at safepoint (normal execution)

VM Mutex/Monitor currently owned by a thread: None

Heap
 PSYoungGen      total 32064K, used 5502K [0x00000000fa000000, 0x00000000fc000000, 0x0000000100000000)
  eden space 31360K, 15% used [0x00000000fa000000,0x00000000fa4cfdd0,0x00000000fbea0000)
  from space 704K, 81% used [0x00000000fbf50000,0x00000000fbfdfdd8,0x00000000fc000000)
  to   space 704K, 0% used [0x00000000fbea0000,0x00000000fbea0000,0x00000000fbf50000)
 ParOldGen       total 115200K, used 102490K [0x00000000e8000000, 0x00000000ef080000, 0x00000000fa000000)
  object space 115200K, 88% used [0x00000000e8000000,0x00000000ee4168d0,0x00000000ef080000)
 PSPermGen       total 89984K, used 64319K [0x00000000e0000000, 0x00000000e57e0000, 0x00000000e8000000)
  object space 89984K, 71% used [0x00000000e0000000,0x00000000e3ecff48,0x00000000e57e0000)

Card table byte_map: [0x0000000035cb0000,0x0000000035dc0000] byte_map_base: 0x00000000355b0000

Polling page: 0x0000000017810000

Code Cache  [0x0000000032cb0000, 0x0000000033700000, 0x0000000035cb0000)
 total_blobs=3995 nmethods=3311 adapters=630 free_code_cache=38811Kb largest_free_block=39580352

Compilation events (10 events):
Event: 47496.535 Thread 0x0000000032768000 3618             com.mathworks.widgets.spreadsheet.data.ComplexArray::format (127 bytes)
Event: 47496.936 Thread 0x0000000032768000 nmethod 3618 0x00000000336de210 code [0x00000000336de4a0, 0x00000000336e04d0]
Event: 47497.082 Thread 0x0000000032769800 3619             javax.swing.text.DefaultCaret::fireStateChanged (69 bytes)
Event: 47497.125 Thread 0x0000000032769800 nmethod 3619 0x000000003367ce90 code [0x000000003367d020, 0x000000003367d558]
Event: 47523.409 Thread 0x0000000032768000 3620             javax.swing.plaf.basic.BasicListUI::convertLocationToRow (186 bytes)
Event: 47523.416 Thread 0x0000000032768000 nmethod 3620 0x00000000336d6590 code [0x00000000336d6760, 0x00000000336d6e48]
Event: 47525.806 Thread 0x0000000032769800 3621             com.mathworks.widgets.desk.Desktop::saveLayout (717 bytes)
Event: 47525.879 Thread 0x0000000032769800 nmethod 3621 0x00000000336e7d50 code [0x00000000336e8300, 0x00000000336ebd98]
Event: 47549.927 Thread 0x0000000032768000 3622             com.mathworks.mde.editor.MatlabEditor::fireEditorEvent (62 bytes)
Event: 47549.928 Thread 0x0000000032768000 nmethod 3622 0x000000003365bf50 code [0x000000003365c0c0, 0x000000003365c2c8]

GC Heap History (10 events):
Event: 49541.950 GC heap before
{Heap before GC invocations=1826 (full 10):
 PSYoungGen      total 18752K, used 18688K [0x00000000fa000000, 0x00000000fb670000, 0x0000000100000000)
  eden space 18176K, 100% used [0x00000000fa000000,0x00000000fb1c0000,0x00000000fb1c0000)
  from space 576K, 88% used [0x00000000fb1c0000,0x00000000fb240000,0x00000000fb250000)
  to   space 576K, 0% used [0x00000000fb5e0000,0x00000000fb5e0000,0x00000000fb670000)
 ParOldGen       total 115200K, used 102348K [0x00000000e8000000, 0x00000000ef080000, 0x00000000fa000000)
  object space 115200K, 88% used [0x00000000e8000000,0x00000000ee3f32a0,0x00000000ef080000)
 PSPermGen       total 89984K, used 64318K [0x00000000e0000000, 0x00000000e57e0000, 0x00000000e8000000)
  object space 89984K, 71% used [0x00000000e0000000,0x00000000e3ecf838,0x00000000e57e0000)
Event: 49541.955 GC heap after
Heap after GC invocations=1826 (full 10):
 PSYoungGen      total 22400K, used 416K [0x00000000fa000000, 0x00000000fb670000, 0x0000000100000000)
  eden space 21824K, 0% used [0x00000000fa000000,0x00000000fa000000,0x00000000fb550000)
  from space 576K, 72% used [0x00000000fb5e0000,0x00000000fb648000,0x00000000fb670000)
  to   space 576K, 0% used [0x00000000fb550000,0x00000000fb550000,0x00000000fb5e0000)
 ParOldGen       total 115200K, used 102348K [0x00000000e8000000, 0x00000000ef080000, 0x00000000fa000000)
  object space 115200K, 88% used [0x00000000e8000000,0x00000000ee3f32a0,0x00000000ef080000)
 PSPermGen       total 89984K, used 64318K [0x00000000e0000000, 0x00000000e57e0000, 0x00000000e8000000)
  object space 89984K, 71% used [0x00000000e0000000,0x00000000e3ecf838,0x00000000e57e0000)
}
Event: 49542.096 GC heap before
{Heap before GC invocations=1827 (full 10):
 PSYoungGen      total 22400K, used 22240K [0x00000000fa000000, 0x00000000fb670000, 0x0000000100000000)
  eden space 21824K, 100% used [0x00000000fa000000,0x00000000fb550000,0x00000000fb550000)
  from space 576K, 72% used [0x00000000fb5e0000,0x00000000fb648000,0x00000000fb670000)
  to   space 576K, 0% used [0x00000000fb550000,0x00000000fb550000,0x00000000fb5e0000)
 ParOldGen       total 115200K, used 102348K [0x00000000e8000000, 0x00000000ef080000, 0x00000000fa000000)
  object space 115200K, 88% used [0x00000000e8000000,0x00000000ee3f32a0,0x00000000ef080000)
 PSPermGen       total 89984K, used 64318K [0x00000000e0000000, 0x00000000e57e0000, 0x00000000e8000000)
  object space 89984K, 71% used [0x00000000e0000000,0x00000000e3ecf838,0x00000000e57e0000)
Event: 49542.105 GC heap after
Heap after GC invocations=1827 (full 10):
 PSYoungGen      total 22400K, used 544K [0x00000000fa000000, 0x00000000fbae0000, 0x0000000100000000)
  eden space 21824K, 0% used [0x00000000fa000000,0x00000000fa000000,0x00000000fb550000)
  from space 576K, 94% used [0x00000000fb550000,0x00000000fb5d8000,0x00000000fb5e0000)
  to   space 640K, 0% used [0x00000000fba40000,0x00000000fba40000,0x00000000fbae0000)
 ParOldGen       total 115200K, used 102348K [0x00000000e8000000, 0x00000000ef080000, 0x00000000fa000000)
  object space 115200K, 88% used [0x00000000e8000000,0x00000000ee3f32a0,0x00000000ef080000)
 PSPermGen       total 89984K, used 64318K [0x00000000e0000000, 0x00000000e57e0000, 0x00000000e8000000)
  object space 89984K, 71% used [0x00000000e0000000,0x00000000e3ecf838,0x00000000e57e0000)
}
Event: 49542.267 GC heap before
{Heap before GC invocations=1828 (full 10):
 PSYoungGen      total 22400K, used 22368K [0x00000000fa000000, 0x00000000fbae0000, 0x0000000100000000)
  eden space 21824K, 100% used [0x00000000fa000000,0x00000000fb550000,0x00000000fb550000)
  from space 576K, 94% used [0x00000000fb550000,0x00000000fb5d8000,0x00000000fb5e0000)
  to   space 640K, 0% used [0x00000000fba40000,0x00000000fba40000,0x00000000fbae0000)
 ParOldGen       total 115200K, used 102348K [0x00000000e8000000, 0x00000000ef080000, 0x00000000fa000000)
  object space 115200K, 88% used [0x00000000e8000000,0x00000000ee3f32a0,0x00000000ef080000)
 PSPermGen       total 89984K, used 64318K [0x00000000e0000000, 0x00000000e57e0000, 0x00000000e8000000)
  object space 89984K, 71% used [0x00000000e0000000,0x00000000e3ecf838,0x00000000e57e0000)
Event: 49542.275 GC heap after
Heap after GC invocations=1828 (full 10):
 PSYoungGen      total 26816K, used 629K [0x00000000fa000000, 0x00000000fbaf0000, 0x0000000100000000)
  eden space 26176K, 0% used [0x00000000fa000000,0x00000000fa000000,0x00000000fb990000)
  from space 640K, 98% used [0x00000000fba40000,0x00000000fbadd408,0x00000000fbae0000)
  to   space 704K, 0% used [0x00000000fb990000,0x00000000fb990000,0x00000000fba40000)
 ParOldGen       total 115200K, used 102450K [0x00000000e8000000, 0x00000000ef080000, 0x00000000fa000000)
  object space 115200K, 88% used [0x00000000e8000000,0x00000000ee40c8d0,0x00000000ef080000)
 PSPermGen       total 89984K, used 64318K [0x00000000e0000000, 0x00000000e57e0000, 0x00000000e8000000)
  object space 89984K, 71% used [0x00000000e0000000,0x00000000e3ecf838,0x00000000e57e0000)
}
Event: 49542.484 GC heap before
{Heap before GC invocations=1829 (full 10):
 PSYoungGen      total 26816K, used 26805K [0x00000000fa000000, 0x00000000fbaf0000, 0x0000000100000000)
  eden space 26176K, 100% used [0x00000000fa000000,0x00000000fb990000,0x00000000fb990000)
  from space 640K, 98% used [0x00000000fba40000,0x00000000fbadd408,0x00000000fbae0000)
  to   space 704K, 0% used [0x00000000fb990000,0x00000000fb990000,0x00000000fba40000)
 ParOldGen       total 115200K, used 102450K [0x00000000e8000000, 0x00000000ef080000, 0x00000000fa000000)
  object space 115200K, 88% used [0x00000000e8000000,0x00000000ee40c8d0,0x00000000ef080000)
 PSPermGen       total 89984K, used 64318K [0x00000000e0000000, 0x00000000e57e0000, 0x00000000e8000000)
  object space 89984K, 71% used [0x00000000e0000000,0x00000000e3ecf838,0x00000000e57e0000)
Event: 49542.490 GC heap after
Heap after GC invocations=1829 (full 10):
 PSYoungGen      total 26880K, used 509K [0x00000000fa000000, 0x00000000fc000000, 0x0000000100000000)
  eden space 26176K, 0% used [0x00000000fa000000,0x00000000fa000000,0x00000000fb990000)
  from space 704K, 72% used [0x00000000fb990000,0x00000000fba0f6d0,0x00000000fba40000)
  to   space 704K, 0% used [0x00000000fbf50000,0x00000000fbf50000,0x00000000fc000000)
 ParOldGen       total 115200K, used 102490K [0x00000000e8000000, 0x00000000ef080000, 0x00000000fa000000)
  object space 115200K, 88% used [0x00000000e8000000,0x00000000ee4168d0,0x00000000ef080000)
 PSPermGen       total 89984K, used 64318K [0x00000000e0000000, 0x00000000e57e0000, 0x00000000e8000000)
  object space 89984K, 71% used [0x00000000e0000000,0x00000000e3ecf838,0x00000000e57e0000)
}
Event: 49546.292 GC heap before
{Heap before GC invocations=1830 (full 10):
 PSYoungGen      total 26880K, used 26685K [0x00000000fa000000, 0x00000000fc000000, 0x0000000100000000)
  eden space 26176K, 100% used [0x00000000fa000000,0x00000000fb990000,0x00000000fb990000)
  from space 704K, 72% used [0x00000000fb990000,0x00000000fba0f6d0,0x00000000fba40000)
  to   space 704K, 0% used [0x00000000fbf50000,0x00000000fbf50000,0x00000000fc000000)
 ParOldGen       total 115200K, used 102490K [0x00000000e8000000, 0x00000000ef080000, 0x00000000fa000000)
  object space 115200K, 88% used [0x00000000e8000000,0x00000000ee4168d0,0x00000000ef080000)
 PSPermGen       total 89984K, used 64318K [0x00000000e0000000, 0x00000000e57e0000, 0x00000000e8000000)
  object space 89984K, 71% used [0x00000000e0000000,0x00000000e3ecf838,0x00000000e57e0000)
Event: 49546.300 GC heap after
Heap after GC invocations=1830 (full 10):
 PSYoungGen      total 32064K, used 575K [0x00000000fa000000, 0x00000000fc000000, 0x0000000100000000)
  eden space 31360K, 0% used [0x00000000fa000000,0x00000000fa000000,0x00000000fbea0000)
  from space 704K, 81% used [0x00000000fbf50000,0x00000000fbfdfdd8,0x00000000fc000000)
  to   space 704K, 0% used [0x00000000fbea0000,0x00000000fbea0000,0x00000000fbf50000)
 ParOldGen       total 115200K, used 102490K [0x00000000e8000000, 0x00000000ef080000, 0x00000000fa000000)
  object space 115200K, 88% used [0x00000000e8000000,0x00000000ee4168d0,0x00000000ef080000)
 PSPermGen       total 89984K, used 64318K [0x00000000e0000000, 0x00000000e57e0000, 0x00000000e8000000)
  object space 89984K, 71% used [0x00000000e0000000,0x00000000e3ecf838,0x00000000e57e0000)
}

Deoptimization events (10 events):
Event: 46181.299 Thread 0x0000000065b3c000 Uncommon trap -34 fr.pc 0x0000000032e8e0f0
Event: 46181.299 Thread 0x0000000065b3c000 Uncommon trap -34 fr.pc 0x0000000032e8e0f0
Event: 46181.299 Thread 0x0000000065b3c000 Uncommon trap -34 fr.pc 0x0000000032e8e0f0
Event: 46181.299 Thread 0x0000000065b3c000 Uncommon trap -34 fr.pc 0x0000000032e8e0f0
Event: 46181.300 Thread 0x0000000065b3c000 Uncommon trap -83 fr.pc 0x0000000032ee9440
Event: 46551.062 Thread 0x0000000065b3c000 Uncommon trap -12 fr.pc 0x000000003355b8f0
Event: 46616.619 Thread 0x0000000065b3c000 Uncommon trap -34 fr.pc 0x0000000033493bf4
Event: 46616.790 Thread 0x0000000065b3c000 Uncommon trap -34 fr.pc 0x0000000033493bf4
Event: 47525.287 Thread 0x0000000065b3c000 Uncommon trap -12 fr.pc 0x00000000336d9694
Event: 49363.828 Thread 0x0000000065b42000 Uncommon trap -12 fr.pc 0x000000003311d010

Internal exceptions (10 events):
Event: 47486.026 Thread 0x00000000324db000 Threw 0x00000000fa5dfc60 at C:\jdk7u1_64p\jdk7u11\hotspot\src\share\vm\prims\jvm.cpp:1166
Event: 47486.028 Thread 0x00000000324db000 Threw 0x00000000fa5efd58 at C:\jdk7u1_64p\jdk7u11\hotspot\src\share\vm\prims\jvm.cpp:1166
Event: 47486.131 Thread 0x00000000324db000 Threw 0x00000000fa5f01a8 at C:\jdk7u1_64p\jdk7u11\hotspot\src\share\vm\prims\jvm.cpp:1166
Event: 47486.132 Thread 0x00000000324db000 Threw 0x00000000fa5fe2e8 at C:\jdk7u1_64p\jdk7u11\hotspot\src\share\vm\prims\jvm.cpp:1166
Event: 47486.133 Thread 0x00000000324db000 Threw 0x00000000fa5fe5e0 at C:\jdk7u1_64p\jdk7u11\hotspot\src\share\vm\prims\jvm.cpp:1166
Event: 47486.134 Thread 0x00000000324db000 Threw 0x00000000fa60beb8 at C:\jdk7u1_64p\jdk7u11\hotspot\src\share\vm\prims\jvm.cpp:1166
Event: 47486.135 Thread 0x00000000324db000 Threw 0x00000000fa60c2d8 at C:\jdk7u1_64p\jdk7u11\hotspot\src\share\vm\prims\jvm.cpp:1166
Event: 47486.137 Thread 0x00000000324db000 Threw 0x00000000fa619b60 at C:\jdk7u1_64p\jdk7u11\hotspot\src\share\vm\prims\jvm.cpp:1166
Event: 47525.287 Thread 0x0000000065b3c000 Implicit null exception at 0x00000000336d8970 to 0x00000000336d9689
Event: 49363.828 Thread 0x0000000065b42000 Implicit null exception at 0x000000003311c8da to 0x000000003311d001

Events (10 events):
Event: 49541.950 Executing VM operation: ParallelGCFailedAllocation
Event: 49541.955 Executing VM operation: ParallelGCFailedAllocation done
Event: 49542.096 Executing VM operation: ParallelGCFailedAllocation
Event: 49542.106 Executing VM operation: ParallelGCFailedAllocation done
Event: 49542.267 Executing VM operation: ParallelGCFailedAllocation
Event: 49542.275 Executing VM operation: ParallelGCFailedAllocation done
Event: 49542.484 Executing VM operation: ParallelGCFailedAllocation
Event: 49542.490 Executing VM operation: ParallelGCFailedAllocation done
Event: 49546.292 Executing VM operation: ParallelGCFailedAllocation
Event: 49546.300 Executing VM operation: ParallelGCFailedAllocation done


Dynamic libraries:
0x0000000140000000 - 0x0000000140029000 	C:\Program Files\MATLAB\R2013b\bin\win64\matlab.exe
0x00007ffb43ea0000 - 0x00007ffb440a9000 	C:\WINDOWS\SYSTEM32\ntdll.dll
0x00007ffb423a0000 - 0x00007ffb4245d000 	C:\WINDOWS\System32\KERNEL32.DLL
0x00007ffb41520000 - 0x00007ffb41899000 	C:\WINDOWS\System32\KERNELBASE.dll
0x00007ffb3e930000 - 0x00007ffb3e9c1000 	C:\WINDOWS\SYSTEM32\apphelp.dll
0x000000006ad70000 - 0x000000006aedf000 	C:\Program Files\MATLAB\R2013b\bin\win64\mvm.dll
0x000000006e4d0000 - 0x000000006e57d000 	C:\Program Files\MATLAB\R2013b\bin\win64\mcr.dll
0x000000006bc40000 - 0x000000006bcd8000 	C:\Program Files\MATLAB\R2013b\bin\win64\MSVCP100.dll
0x00007ffb43c50000 - 0x00007ffb43dfc000 	C:\WINDOWS\System32\USER32.dll
0x00007ffb41ae0000 - 0x00007ffb41b06000 	C:\WINDOWS\System32\win32u.dll
0x00007ffb439d0000 - 0x00007ffb439f9000 	C:\WINDOWS\System32\GDI32.dll
0x00007ffb41920000 - 0x00007ffb41a32000 	C:\WINDOWS\System32\gdi32full.dll
0x00007ffb41a40000 - 0x00007ffb41add000 	C:\WINDOWS\System32\msvcp_win.dll
0x00007ffb41400000 - 0x00007ffb41511000 	C:\WINDOWS\System32\ucrtbase.dll
0x00007ffb43050000 - 0x00007ffb437ff000 	C:\WINDOWS\System32\SHELL32.dll
0x00007ffb429c0000 - 0x00007ffb42b5a000 	C:\WINDOWS\System32\ole32.dll
0x00007ffb42460000 - 0x00007ffb427d8000 	C:\WINDOWS\System32\combase.dll
0x00007ffb43b00000 - 0x00007ffb43c20000 	C:\WINDOWS\System32\RPCRT4.dll
0x000000006f060000 - 0x000000006f3dc000 	C:\Program Files\MATLAB\R2013b\bin\win64\libmwservices.dll
0x00007ffb420e0000 - 0x00007ffb4218e000 	C:\WINDOWS\System32\ADVAPI32.dll
0x00007ffb42020000 - 0x00007ffb420c3000 	C:\WINDOWS\System32\msvcrt.dll
0x00007ffb41d40000 - 0x00007ffb41dde000 	C:\WINDOWS\System32\sechost.dll
0x00007ffb421d0000 - 0x00007ffb422bc000 	C:\WINDOWS\System32\COMDLG32.dll
0x00007ffb43a00000 - 0x00007ffb43aea000 	C:\WINDOWS\System32\shcore.dll
0x00007ffb43e00000 - 0x00007ffb43e5d000 	C:\WINDOWS\System32\SHLWAPI.dll
0x00007ffb43960000 - 0x00007ffb439cf000 	C:\WINDOWS\System32\WS2_32.dll
0x00007ffb422c0000 - 0x00007ffb42396000 	C:\WINDOWS\System32\OLEAUT32.dll
0x000000006fe80000 - 0x000000006ff56000 	C:\Program Files\MATLAB\R2013b\bin\win64\libmwi18n.dll
0x000000006b8f0000 - 0x000000006b9c2000 	C:\Program Files\MATLAB\R2013b\bin\win64\MSVCR100.dll
0x000000006e110000 - 0x000000006e4d0000 	C:\Program Files\MATLAB\R2013b\bin\win64\iqm.dll
0x000000006c710000 - 0x000000006c73f000 	C:\Program Files\MATLAB\R2013b\bin\win64\libmwbridge.dll
0x00007ffb43c20000 - 0x00007ffb43c3f000 	C:\WINDOWS\System32\imagehlp.dll
0x000000006f960000 - 0x000000006fb07000 	C:\Program Files\MATLAB\R2013b\bin\win64\libmwfl.dll
0x00007ffb420d0000 - 0x00007ffb420d8000 	C:\WINDOWS\System32\PSAPI.DLL
0x000000006d760000 - 0x000000006d784000 	C:\Program Files\MATLAB\R2013b\bin\win64\libmex.dll
0x000000006eeb0000 - 0x000000006eef7000 	C:\Program Files\MATLAB\R2013b\bin\win64\mpath.dll
0x000000006bc30000 - 0x000000006bc3e000 	C:\Program Files\MATLAB\R2013b\bin\win64\boost_date_time-vc100-mt-1_49.dll
0x000000006b8c0000 - 0x000000006b8ec000 	C:\Program Files\MATLAB\R2013b\bin\win64\boost_filesystem-vc100-mt-1_49.dll
0x000000006b870000 - 0x000000006b8b6000 	C:\Program Files\MATLAB\R2013b\bin\win64\boost_serialization-vc100-mt-1_49.dll
0x0000000180000000 - 0x00000001800c2000 	C:\Program Files\MATLAB\R2013b\bin\win64\m_dispatcher.dll
0x000000006bc20000 - 0x000000006bc29000 	C:\Program Files\MATLAB\R2013b\bin\win64\boost_system-vc100-mt-1_49.dll
0x000000006b850000 - 0x000000006b861000 	C:\Program Files\MATLAB\R2013b\bin\win64\boost_thread-vc100-mt-1_49.dll
0x00007ffb2e8f0000 - 0x00007ffb2e923000 	C:\Program Files\MATLAB\R2013b\bin\win64\tbb.dll
0x000000006c500000 - 0x000000006c651000 	C:\Program Files\MATLAB\R2013b\bin\win64\libmwgui.dll
0x000000006b3a0000 - 0x000000006b4b2000 	C:\Program Files\MATLAB\R2013b\bin\win64\hgutils.dll
0x000000006b780000 - 0x000000006b848000 	C:\Program Files\MATLAB\R2013b\bin\win64\jmi.dll
0x000000006b2f0000 - 0x000000006b39e000 	C:\Program Files\MATLAB\R2013b\bin\win64\udd_mi.dll
0x000000006af50000 - 0x000000006af6d000 	C:\Program Files\MATLAB\R2013b\bin\win64\mwoles05.DLL
0x000000006afc0000 - 0x000000006b28f000 	C:\Program Files\MATLAB\R2013b\bin\win64\uiw.dll
0x000000006aee0000 - 0x000000006af4c000 	C:\Program Files\MATLAB\R2013b\bin\win64\comcli.dll
0x000000006bc10000 - 0x000000006bc20000 	C:\Program Files\MATLAB\R2013b\bin\win64\boost_iostreams-vc100-mt-1_49.dll
0x000000006ef00000 - 0x000000006ef4e000 	C:\Program Files\MATLAB\R2013b\bin\win64\libmwregexp.dll
0x000000006e5f0000 - 0x000000006e613000 	C:\Program Files\MATLAB\R2013b\bin\win64\libmwMATLAB_settings_res.dll
0x000000006e580000 - 0x000000006e586000 	C:\Program Files\MATLAB\R2013b\bin\win64\libmwnativedisplay.dll
0x00000000685f0000 - 0x000000006863d000 	C:\Program Files\MATLAB\R2013b\bin\win64\opccore.dll
0x00000000684f0000 - 0x00000000685c6000 	C:\Program Files\MATLAB\R2013b\bin\win64\opcmodel.dll
0x00000000684c0000 - 0x00000000684ed000 	C:\Program Files\MATLAB\R2013b\bin\win64\opczippackage.dll
0x0000000068340000 - 0x00000000683a6000 	C:\Program Files\MATLAB\R2013b\bin\win64\opcmwservices.dll
0x00007ffb2ada0000 - 0x00007ffb2ae52000 	C:\WINDOWS\WinSxS\amd64_microsoft.windows.common-controls_6595b64144ccf1df_5.82.22000.1_none_271a8fad6a2d1b1e\COMCTL32.dll
0x00007ffb2b000000 - 0x00007ffb2b01a000 	C:\WINDOWS\SYSTEM32\NETAPI32.dll
0x000000006fe70000 - 0x000000006fe7d000 	C:\Program Files\MATLAB\R2013b\bin\win64\libmwresource_core.dll
0x00007ffb40c70000 - 0x00007ffb40cbd000 	C:\WINDOWS\SYSTEM32\POWRPROF.dll
0x000000006e870000 - 0x000000006e8e7000 	C:\Program Files\MATLAB\R2013b\bin\win64\xmlcore.dll
0x000000006c4d0000 - 0x000000006c4f8000 	C:\Program Files\MATLAB\R2013b\bin\win64\graphics_util.dll
0x000000006b770000 - 0x000000006b77e000 	C:\Program Files\MATLAB\R2013b\bin\win64\nativejava_services.dll
0x000000006afb0000 - 0x000000006afb9000 	C:\Program Files\MATLAB\R2013b\bin\win64\uinone.dll
0x00007ffb1a260000 - 0x00007ffb1a27f000 	C:\WINDOWS\SYSTEM32\MPR.dll
0x000000006b6d0000 - 0x000000006b72e000 	C:\Program Files\MATLAB\R2013b\bin\win64\libuij.dll
0x00007ffb36250000 - 0x00007ffb362eb000 	C:\WINDOWS\SYSTEM32\WINSPOOL.DRV
0x000000006af80000 - 0x000000006afac000 	C:\Program Files\MATLAB\R2013b\bin\win64\libmwnativedialogs.dll
0x000000006af70000 - 0x000000006af7c000 	C:\Program Files\MATLAB\R2013b\bin\win64\libmwplatform_res.dll
0x0000000010620000 - 0x00000000106db000 	C:\Program Files\MATLAB\R2013b\bin\win64\libut.dll
0x00000000106e0000 - 0x00000000107db000 	C:\Program Files\MATLAB\R2013b\bin\win64\libmx.dll
0x00000000108e0000 - 0x0000000010f08000 	C:\Program Files\MATLAB\R2013b\bin\win64\mlutil.dll
0x0000000011540000 - 0x0000000011ea6000 	C:\Program Files\MATLAB\R2013b\bin\win64\hg.dll
0x0000000011eb0000 - 0x0000000012112000 	C:\Program Files\MATLAB\R2013b\bin\win64\mcos.dll
0x0000000012120000 - 0x000000001291b000 	C:\Program Files\MATLAB\R2013b\bin\win64\m_interpreter.dll
0x0000000000190000 - 0x000000000019c000 	C:\Program Files\MATLAB\R2013b\bin\win64\mlautoregister.dll
0x0000000012920000 - 0x00000000129ac000 	C:\Program Files\MATLAB\R2013b\bin\win64\boost_log-vc100-mt-1_49.dll
0x00000000001a0000 - 0x00000000001c5000 	C:\Program Files\MATLAB\R2013b\bin\win64\LIBEXPAT.dll
0x00000000129b0000 - 0x0000000012bf1000 	C:\Program Files\MATLAB\R2013b\bin\win64\xerces-c_2_7.dll
0x0000000012c00000 - 0x0000000012d8a000 	C:\Program Files\MATLAB\R2013b\bin\win64\icuin49.dll
0x00000000044d0000 - 0x00000000044e0000 	C:\Program Files\MATLAB\R2013b\bin\win64\icuio49.dll
0x0000000012d90000 - 0x0000000012ece000 	C:\Program Files\MATLAB\R2013b\bin\win64\icuuc49.dll
0x0000000012ed0000 - 0x0000000012f86000 	C:\Program Files\MATLAB\R2013b\bin\win64\udd.dll
0x0000000012f90000 - 0x000000001339f000 	C:\Program Files\MATLAB\R2013b\bin\win64\libmwMATLAB_res.dll
0x0000000004500000 - 0x0000000004511000 	C:\Program Files\MATLAB\R2013b\bin\win64\boost_signals-vc100-mt-1_49.dll
0x00000000133a0000 - 0x000000001347f000 	C:\Program Files\MATLAB\R2013b\bin\win64\boost_regex-vc100-mt-1_49.dll
0x0000000013560000 - 0x00000000135a2000 	C:\Program Files\MATLAB\R2013b\bin\win64\libmwhardcopy.dll
0x00000000135b0000 - 0x00000000135db000 	C:\Program Files\MATLAB\R2013b\bin\win64\ATL100.DLL
0x0000000013610000 - 0x000000001361e000 	C:\Program Files\MATLAB\R2013b\bin\win64\libminizip.dll
0x0000000013620000 - 0x0000000013825000 	C:\Program Files\MATLAB\R2013b\bin\win64\hgdatatypes.dll
0x0000000013830000 - 0x00000000138e8000 	C:\Program Files\MATLAB\R2013b\bin\win64\libtex_base.dll
0x00000000138f0000 - 0x0000000013e4d000 	C:\Program Files\MATLAB\R2013b\bin\win64\mfc100.dll
0x000000006aae0000 - 0x000000006aaf7000 	C:\Program Files\MATLAB\R2013b\bin\win64\zlib1.dll
0x00007ffb2ae60000 - 0x00007ffb2ae67000 	C:\WINDOWS\SYSTEM32\MSIMG32.dll
0x00007ffb2de30000 - 0x00007ffb2de58000 	C:\Program Files\MATLAB\R2013b\bin\win64\tbbmalloc.dll
0x000000006d420000 - 0x000000006d447000 	C:\Program Files\MATLAB\R2013b\bin\win64\libmwmathrng.dll
0x000000006d450000 - 0x000000006d5c8000 	C:\Program Files\MATLAB\R2013b\bin\win64\libmwmathutil.dll
0x000000006ceb0000 - 0x000000006ced0000 	C:\Program Files\MATLAB\R2013b\bin\win64\m_pcodeio.dll
0x000000006d6e0000 - 0x000000006d75b000 	C:\Program Files\MATLAB\R2013b\bin\win64\profiler.dll
0x000000006d2b0000 - 0x000000006d313000 	C:\Program Files\MATLAB\R2013b\bin\win64\libmwspmatrix.dll
0x000000006c740000 - 0x000000006c768000 	C:\Program Files\MATLAB\R2013b\bin\win64\m_pcodegen.dll
0x00007ffb2fdb0000 - 0x00007ffb2ffd1000 	C:\WINDOWS\SYSTEM32\dbghelp.dll
0x000000006ce50000 - 0x000000006ceac000 	C:\Program Files\MATLAB\R2013b\bin\win64\m_ir.dll
0x000000006b290000 - 0x000000006b2a3000 	C:\Program Files\MATLAB\R2013b\bin\win64\libmwgbt.dll
0x000000006ba60000 - 0x000000006babd000 	C:\Program Files\MATLAB\R2013b\bin\win64\libmat.dll
0x000000006b2b0000 - 0x000000006b2e6000 	C:\Program Files\MATLAB\R2013b\bin\win64\libmwgbtutils.dll
0x000000006ced0000 - 0x000000006cf4f000 	C:\Program Files\MATLAB\R2013b\bin\win64\libmwlapack.dll
0x000000006d410000 - 0x000000006d420000 	C:\Program Files\MATLAB\R2013b\bin\win64\libmwmfl_rng.dll
0x000000006cf60000 - 0x000000006cf75000 	C:\Program Files\MATLAB\R2013b\bin\win64\libmwbinder.dll
0x000000006cf50000 - 0x000000006cf5b000 	C:\Program Files\MATLAB\R2013b\bin\win64\libmwompwrapper.dll
0x0000000013e50000 - 0x0000000014f72000 	C:\Program Files\MATLAB\R2013b\bin\win64\icudt49.dll
0x0000000010f10000 - 0x0000000011028000 	C:\Program Files\MATLAB\R2013b\bin\win64\libmwmathcore.dll
0x0000000014f80000 - 0x0000000015635000 	C:\Program Files\MATLAB\R2013b\bin\win64\m_parser.dll
0x0000000011030000 - 0x0000000011238000 	C:\Program Files\MATLAB\R2013b\bin\win64\hdf5dll.dll
0x000000006cfc0000 - 0x000000006d01c000 	C:\Program Files\MATLAB\R2013b\bin\win64\libmwcholmod.dll
0x000000006cfb0000 - 0x000000006cfbc000 	C:\Program Files\MATLAB\R2013b\bin\win64\libmwamd.dll
0x000000006cf80000 - 0x000000006cf93000 	C:\Program Files\MATLAB\R2013b\bin\win64\libmwblas.dll
0x000000006cfa0000 - 0x000000006cfab000 	C:\Program Files\MATLAB\R2013b\bin\win64\libmwcolamd.dll
0x000000006c770000 - 0x000000006c780000 	C:\Program Files\MATLAB\R2013b\bin\win64\mtok.dll
0x000000006c780000 - 0x000000006c797000 	C:\Program Files\MATLAB\R2013b\bin\win64\ir_xfmr.dll
0x00007ffb42190000 - 0x00007ffb421c1000 	C:\WINDOWS\System32\IMM32.DLL
0x00007ffb40bb0000 - 0x00007ffb40bc3000 	C:\WINDOWS\SYSTEM32\UMPDC.dll
0x00007ffb418a0000 - 0x00007ffb4191f000 	C:\WINDOWS\System32\bcryptPrimitives.dll
0x00007ffb3ead0000 - 0x00007ffb3eb7c000 	C:\WINDOWS\SYSTEM32\UxTheme.dll
0x00007ffb3ee80000 - 0x00007ffb3eeaf000 	C:\WINDOWS\system32\dwmapi.dll
0x000000005d360000 - 0x000000005d36d000 	C:\Program Files\MATLAB\R2013b\bin\win64\MFC100ENU.DLL

VM Arguments:
jvm_args: -XX:PermSize=32m -Xms64m -XX:NewRatio=3 -XX:MaxPermSize=128m -Xmx384m -XX:MaxDirectMemorySize=2147400000 -Dsun.java2d.noddraw=true -Dsun.awt.nopixfmt=true -Xshare:off -Xrs -XX:-UseSplitVerifier -Djava.library.path=C:\Program Files\MATLAB\R2013b\bin\win64;C:\Program Files\MATLAB\R2013b\sys\jxbrowser\win64\lib vfprintf abort -Duser.language=pt -Duser.country=BR -XX:ParallelGCThreads=6 
java_command: <unknown>
Launcher Type: generic

Environment Variables:
PATH=C:\Program Files\Common Files\Oracle\Java\javapath;C:\Program Files (x86)\Common Files\Oracle\Java\javapath;C:\Program Files\LLNL\VisIt 3.2.1;C:\Program Files\Microsoft MPI\Bin\;C:\WINDOWS\system32;C:\WINDOWS;C:\WINDOWS\System32\Wbem;C:\WINDOWS\System32\WindowsPowerShell\v1.0\;C:\WINDOWS\System32\OpenSSH\;C:\Program Files\Microsoft SQL Server\120\Tools\Binn\;C:\Program Files\Common Files\Autodesk Shared\;C:\Program Files\Polyspace\R2019b\runtime\win64;C:\Program Files\Polyspace\R2019b\bin;C:\Program Files\MATLAB\R2013b\runtime\win64;C:\Program Files\MATLAB\R2013b\bin;C:\Program Files\MATLAB\R2013b\polyspace\bin;C:\Program Files\MiKTeX\miktex\bin\x64\;C:\Program Files\Polyspace\R2019b\polyspace\bin;C:\Program Files (x86)\Calibre2\;C:\Users\gthia\AppData\Local\Programs\Python\Python39\Scripts\;C:\Users\gthia\AppData\Local\Programs\Python\Python39\;C:\Users\gthia\AppData\Local\Microsoft\WindowsApps;
USERNAME=gthia
OS=Windows_NT
PROCESSOR_IDENTIFIER=Intel64 Family 6 Model 142 Stepping 11, GenuineIntel



---------------  S Y S T E M  ---------------

OS: Windows 8 , 64 bit Build 9200 

CPU:total 8 (4 cores per cpu, 2 threads per core) family 6 model 142 stepping 11, cmov, cx8, fxsr, mmx, sse, sse2, sse3, ssse3, sse4.1, sse4.2, popcnt, avx, avx2, ht, tsc, tscinvbit

Memory: 4k page, physical 8265972k(2464716k free), swap 13523192k(5072648k free)

vm_info: Java HotSpot(TM) 64-Bit Server VM (23.6-b04) for windows-amd64 JRE (1.7.0_11-b21), built on Jan 12 2013 02:38:42 by "java_re" with unknown MS VC++:1600

time: Thu May 19 17:35:58 2022
elapsed time: 49547 seconds

