#
# A fatal error has been detected by the Java Runtime Environment:
#
#  EXCEPTION_ACCESS_VIOLATION (0xc0000005) at pc=0x0000000078bf270d, pid=4480, tid=2872
#
# JRE version: 6.0_17-b04
# Java VM: Java HotSpot(TM) 64-Bit Server VM (14.3-b01 mixed mode windows-amd64 )
# Problematic frame:
# V  [jvm.dll+0x38270d]
#
# If you would like to submit a bug report, please visit:
#   http://java.sun.com/webapps/bugreport/crash.jsp
#

---------------  T H R E A D  ---------------

Current thread (0x000000000e054800):  VMThread [stack: 0x0000000069b30000,0x000000006db30000] [id=2872]

siginfo: ExceptionCode=0xc0000005, reading address 0xffffffffffffffff

Registers:
EAX=0x0000000000000003, EBX=0x002900ff0000000e, ECX=0x000000002cfd9158, EDX=0x000000002cfd9150
ESP=0x000000006db2f490, EBP=0x0000007fffffff00, ESI=0x000000002cfe3b08, EDI=0x000000002cfd9180
EIP=0x0000000078bf270d, EFLAGS=0x0000000000010202

Top of Stack: (sp=0x000000006db2f490)
0x000000006db2f490:   000000000e054800 0000000078bd2f1b
0x000000006db2f4a0:   0000000000000003 000000000525f2f0
0x000000006db2f4b0:   000000000e6c21a8 000000000525f2f0
0x000000006db2f4c0:   000000000525bf10 0000000078bbbcd8
0x000000006db2f4d0:   0000000000000000 0000000000000003
0x000000006db2f4e0:   0000000000000000 000000000525a560
0x000000006db2f4f0:   000000000525a4d0 0000000078c304fd
0x000000006db2f500:   0000000000000000 000000000525a560
0x000000006db2f510:   000000000525bf10 000000000525f2f0
0x000000006db2f520:   000000000507c940 0000000000027a00
0x000000006db2f530:   000000000e010100 0000000000000000
0x000000006db2f540:   000000000e059800 0000000005259400
0x000000006db2f550:   000000007ab38400 000000000507c940
0x000000006db2f560:   0000000000000000 0000000078c30fc7
0x000000006db2f570:   000000000525f390 000000000525f390
0x000000006db2f580:   000000000525bf10 000000000525f2f0 

Instructions: (pc=0x0000000078bf270d)
0x0000000078bf26fd:   7f 00 00 00 48 8b 1f 48 85 db 0f 84 b3 00 00 00
0x0000000078bf270d:   48 8b 03 24 03 3c 03 0f 84 a6 00 00 00 48 8b 13 


Stack: [0x0000000069b30000,0x000000006db30000],  sp=0x000000006db2f490,  free space=65533k
Native frames: (J=compiled Java code, j=interpreted, Vv=VM code, C=native code)
V  [jvm.dll+0x38270d]

[error occurred during error reporting (printing native stack), id 0xc0000005]

VM_Operation (0x000000000f2fd8a0): ParallelGCFailedAllocation, mode: safepoint, requested by thread 0x000000005d6d2000


---------------  P R O C E S S  ---------------

Java Threads: ( => current thread )
  0x000000005d993800 JavaThread "Code Analyzer updating thread" [_thread_blocked, id=6336, stack(0x0000000028e80000,0x0000000028f00000)]
  0x000000005d991800 JavaThread "Code Analyzer updating thread" [_thread_blocked, id=7280, stack(0x0000000028b70000,0x0000000028bf0000)]
  0x000000005d98e000 JavaThread "Code Analyzer updating thread" [_thread_blocked, id=6332, stack(0x0000000028c10000,0x0000000028c90000)]
  0x000000005d990000 JavaThread "Code Analyzer updating thread" [_thread_blocked, id=8832, stack(0x0000000028ad0000,0x0000000028b50000)]
  0x000000005d98e800 JavaThread "Code Analyzer updating thread" [_thread_blocked, id=7780, stack(0x0000000007d40000,0x0000000007dc0000)]
  0x000000005d98c800 JavaThread "Code Analyzer updating thread" [_thread_blocked, id=7604, stack(0x00000000261d0000,0x0000000026250000)]
  0x000000005d991000 JavaThread "Code Analyzer updating thread" [_thread_blocked, id=8552, stack(0x0000000007dd0000,0x0000000007e50000)]
  0x000000005d995000 JavaThread "Prefs Updater" daemon [_thread_blocked, id=7396, stack(0x0000000026110000,0x0000000026190000)]
  0x000000005d996000 JavaThread "Foxtrot Single Worker Thread #1" daemon [_thread_blocked, id=2460, stack(0x000000001d150000,0x000000001d1d0000)]
  0x000000005d6e0000 JavaThread "Code Analyzer updating thread" [_thread_blocked, id=7536, stack(0x00000000602f0000,0x0000000060370000)]
  0x000000005d6dd800 JavaThread "Code Analyzer updating thread" [_thread_blocked, id=4380, stack(0x000000005e670000,0x000000005e6f0000)]
  0x000000005d6d9800 JavaThread "Code Analyzer updating thread" [_thread_blocked, id=5600, stack(0x0000000044b50000,0x0000000044bd0000)]
  0x000000005d6d7800 JavaThread "Active Reference Queue Daemon" daemon [_thread_blocked, id=4808, stack(0x000000005e0b0000,0x000000005e130000)]
  0x000000005d6d8800 JavaThread "Timer-12" daemon [_thread_blocked, id=5668, stack(0x000000000fd00000,0x000000000fd80000)]
  0x000000005d6d9000 JavaThread "Timer-11" daemon [_thread_blocked, id=6676, stack(0x0000000018f50000,0x0000000018fd0000)]
  0x000000005d6d6000 JavaThread "Explorer NavigationContext request queue" [_thread_blocked, id=8132, stack(0x0000000019090000,0x0000000019110000)]
  0x000000005d6d4800 JavaThread "AddressBar directory emptiness poller" [_thread_blocked, id=4324, stack(0x0000000058f10000,0x0000000058f90000)]
  0x000000005d6d3000 JavaThread "Timer-1" [_thread_blocked, id=6420, stack(0x000000004cc90000,0x000000004cd10000)]
  0x000000005d6d2800 JavaThread "TimerQueue" daemon [_thread_blocked, id=9212, stack(0x000000000fae0000,0x000000000fb60000)]
  0x000000005d6d2000 JavaThread "AWT-EventQueue-0" [_thread_blocked, id=6812, stack(0x000000000f280000,0x000000000f300000)]
  0x000000005d6d1000 JavaThread "AWT-Shutdown" [_thread_blocked, id=7560, stack(0x000000000f920000,0x000000000f9a0000)]
  0x000000005d098800 JavaThread "FelixPackageAdmin" daemon [_thread_blocked, id=6784, stack(0x000000000fc80000,0x000000000fd00000)]
  0x000000005d406000 JavaThread "FelixStartLevel" daemon [_thread_blocked, id=6968, stack(0x000000000f770000,0x000000000f7f0000)]
  0x000000005d405800 JavaThread "FelixDispatchQueue" daemon [_thread_blocked, id=5168, stack(0x000000000fa60000,0x000000000fae0000)]
  0x000000005d5e6800 JavaThread "com.google.common.base.internal.Finalizer" daemon [_thread_blocked, id=6516, stack(0x000000000f880000,0x000000000f900000)]
  0x000000005d6ea800 JavaThread "AWT-Windows" daemon [_thread_blocked, id=7524, stack(0x000000000f370000,0x000000000f3f0000)]
  0x000000005d614000 JavaThread "Java2D Disposer" daemon [_thread_blocked, id=6688, stack(0x000000000e380000,0x000000000e400000)]
  0x000000000e0e2800 JavaThread "Timer-0" [_thread_blocked, id=7320, stack(0x000000000de60000,0x000000000dee0000)]
  0x000000000e585000 JavaThread "EventMgr Dispatcher" daemon [_thread_in_native, id=1616, stack(0x0000000010e90000,0x0000000014e90000)]
  0x000000000e0ca000 JavaThread "Low Memory Detector" daemon [_thread_blocked, id=8896, stack(0x000000000e460000,0x000000000e4e0000)]
  0x000000000e0c4800 JavaThread "CompilerThread1" daemon [_thread_blocked, id=2724, stack(0x00000000840d0000,0x00000000880d0000)]
  0x000000000e0c0800 JavaThread "CompilerThread0" daemon [_thread_blocked, id=4872, stack(0x0000000080000000,0x0000000084000000)]
  0x000000000e0bc800 JavaThread "Attach Listener" daemon [_thread_blocked, id=7400, stack(0x000000000e2f0000,0x000000000e370000)]
  0x000000000e063800 JavaThread "Finalizer" daemon [_thread_blocked, id=7716, stack(0x000000000dda0000,0x000000000de20000)]
  0x000000000e059800 JavaThread "Reference Handler" daemon [_thread_blocked, id=7708, stack(0x000000000e180000,0x000000000e200000)]
  0x000000000507f000 JavaThread "main" [_thread_in_native, id=7700, stack(0x0000000000130000,0x0000000004130000)]

Other Threads:
=>0x000000000e054800 VMThread [stack: 0x0000000069b30000,0x000000006db30000] [id=2872]
  0x000000000e0df000 WatcherThread [stack: 0x00000000881a0000,0x000000008c1a0000] [id=1968]

VM state:at safepoint (normal execution)

VM Mutex/Monitor currently owned by a thread:  ([mutex/lock_event])
[0x0000000005252a40] Threads_lock - owner thread: 0x000000000e054800
[0x0000000005252f40] Heap_lock - owner thread: 0x000000005d6d2000

Heap
 PSYoungGen      total 48320K, used 47761K [0x000000003d870000, 0x0000000040950000, 0x0000000040970000)
  eden space 46720K, 100% used [0x000000003d870000,0x0000000040610000,0x0000000040610000)
  from space 1600K, 65% used [0x0000000040610000,0x0000000040714710,0x00000000407a0000)
  to   space 1600K, 98% used [0x00000000407c0000,0x0000000040948018,0x0000000040950000)
 PSOldGen        total 150528K, used 150522K [0x0000000034570000, 0x000000003d870000, 0x000000003d870000)
  object space 150528K, 99% used [0x0000000034570000,0x000000003d86eb38,0x000000003d870000)
 PSPermGen       total 105536K, used 62078K [0x000000002c570000, 0x0000000032c80000, 0x0000000034570000)
  object space 105536K, 58% used [0x000000002c570000,0x000000003020fae0,0x0000000032c80000)

Dynamic libraries:
0x000000013f830000 - 0x000000013f862000 	C:\Program Files\MATLAB\R2012a\bin\win64\MATLAB.exe
0x0000000077c90000 - 0x0000000077e3b000 	C:\Windows\SYSTEM32\ntdll.dll
0x0000000077a70000 - 0x0000000077b8f000 	C:\Windows\system32\kernel32.dll
0x000007fefded0000 - 0x000007fefdf3b000 	C:\Windows\system32\KERNELBASE.dll
0x0000000074460000 - 0x0000000074554000 	C:\Program Files\MATLAB\R2012a\bin\win64\libut.dll
0x00000000758a0000 - 0x0000000075952000 	C:\Program Files\MATLAB\R2012a\bin\win64\libmwi18n.dll
0x0000000180000000 - 0x000000018000b000 	C:\Program Files\MATLAB\R2012a\bin\win64\libmwresource_core.dll
0x0000000072a80000 - 0x0000000072b53000 	C:\Windows\WinSxS\amd64_microsoft.vc90.crt_1fc8b3b9a1e18e3b_9.0.30729.4926_none_08e1a05ba83fe554\MSVCP90.dll
0x0000000072820000 - 0x00000000728bd000 	C:\Windows\WinSxS\amd64_microsoft.vc90.crt_1fc8b3b9a1e18e3b_9.0.30729.4926_none_08e1a05ba83fe554\MSVCR90.dll
0x000000007a170000 - 0x000000007a19c000 	C:\Program Files\MATLAB\R2012a\bin\win64\boost_filesystem-vc90-mt-1_44.dll
0x000000007a560000 - 0x000000007a569000 	C:\Program Files\MATLAB\R2012a\bin\win64\boost_system-vc90-mt-1_44.dll
0x000007feff240000 - 0x000007feff31b000 	C:\Windows\system32\ADVAPI32.dll
0x000007feff9b0000 - 0x000007feffa4f000 	C:\Windows\system32\msvcrt.dll
0x000007feffa50000 - 0x000007feffa6f000 	C:\Windows\SYSTEM32\sechost.dll
0x000007feffe70000 - 0x000007fefff9e000 	C:\Windows\system32\RPCRT4.dll
0x000000007a010000 - 0x000000007a035000 	C:\Program Files\MATLAB\R2012a\bin\win64\LIBEXPAT.dll
0x0000000064930000 - 0x0000000064b21000 	C:\Program Files\MATLAB\R2012a\bin\win64\icuin44.dll
0x00000000633d0000 - 0x0000000063541000 	C:\Program Files\MATLAB\R2012a\bin\win64\icuuc44.dll
0x0000000010000000 - 0x0000000010e41000 	C:\Program Files\MATLAB\R2012a\bin\win64\icudt44.dll
0x0000000073f70000 - 0x00000000740ad000 	C:\Program Files\MATLAB\R2012a\bin\win64\libmwfl.dll
0x00000000042b0000 - 0x00000000045a6000 	C:\Program Files\MATLAB\R2012a\bin\win64\libmwMATLAB_res.dll
0x000000007a3b0000 - 0x000000007a3c0000 	C:\Program Files\MATLAB\R2012a\bin\win64\boost_date_time-vc90-mt-1_44.dll
0x000000007a250000 - 0x000000007a263000 	C:\Program Files\MATLAB\R2012a\bin\win64\boost_signals-vc90-mt-1_44.dll
0x000000007a2d0000 - 0x000000007a2e2000 	C:\Program Files\MATLAB\R2012a\bin\win64\boost_thread-vc90-mt-1_44.dll
0x00000000045b0000 - 0x00000000045f6000 	C:\Program Files\MATLAB\R2012a\bin\win64\tbb.dll
0x000007feff020000 - 0x000007feff037000 	C:\Windows\system32\imagehlp.dll
0x0000000077e50000 - 0x0000000077e57000 	C:\Windows\system32\PSAPI.DLL
0x0000000074270000 - 0x0000000074283000 	C:\Program Files\MATLAB\R2012a\bin\win64\icuio44.dll
0x000007feea1e0000 - 0x000007feea305000 	C:\Windows\system32\dbghelp.dll
0x0000000077b90000 - 0x0000000077c8a000 	C:\Windows\system32\USER32.dll
0x000007fefe070000 - 0x000007fefe0d7000 	C:\Windows\system32\GDI32.dll
0x000007feffbd0000 - 0x000007feffbde000 	C:\Windows\system32\LPK.dll
0x000007feff500000 - 0x000007feff5ca000 	C:\Windows\system32\USP10.dll
0x000000007bed0000 - 0x000000007c183000 	C:\Program Files\MATLAB\R2012a\bin\win64\libmwservices.dll
0x0000000075a20000 - 0x0000000075ae2000 	C:\Program Files\MATLAB\R2012a\bin\win64\libmx.dll
0x000000007a210000 - 0x000000007a228000 	C:\Program Files\MATLAB\R2012a\bin\win64\zlib1.dll
0x0000000004630000 - 0x0000000004651000 	C:\Program Files\MATLAB\R2012a\bin\win64\libmwmfl_scalar.dll
0x0000000075f10000 - 0x0000000075f5d000 	C:\Program Files\MATLAB\R2012a\bin\win64\mpath.dll
0x000000007b680000 - 0x000000007bbe1000 	C:\Program Files\MATLAB\R2012a\bin\win64\mlutil.dll
0x00000000727a0000 - 0x000000007281f000 	C:\Program Files\MATLAB\R2012a\bin\win64\xmlcore.dll
0x000000007bc30000 - 0x000000007be83000 	C:\Program Files\MATLAB\R2012a\bin\win64\xerces-c_2_7.dll
0x000007feff960000 - 0x000007feff9ad000 	C:\Windows\system32\WS2_32.dll
0x000007fefdfc0000 - 0x000007fefdfc8000 	C:\Windows\system32\NSI.dll
0x00000000046b0000 - 0x00000000046ca000 	C:\Program Files\MATLAB\R2012a\bin\win64\libmwMATLAB_settings_res.dll
0x00000000046e0000 - 0x0000000004727000 	C:\Program Files\MATLAB\R2012a\bin\win64\boost_serialization-vc90-mt-1_44.dll
0x000007fefe290000 - 0x000007feff016000 	C:\Windows\system32\SHELL32.dll
0x000007feff1c0000 - 0x000007feff231000 	C:\Windows\system32\SHLWAPI.dll
0x000007fefdcc0000 - 0x000007fefdd60000 	C:\Windows\WinSxS\amd64_microsoft.windows.common-controls_6595b64144ccf1df_5.82.7600.16385_none_a44af8ec57f961cf\COMCTL32.dll
0x000007fefdfd0000 - 0x000007fefe068000 	C:\Windows\system32\COMDLG32.dll
0x000007fefbae0000 - 0x000007fefbaf6000 	C:\Windows\system32\NETAPI32.dll
0x000007fefbad0000 - 0x000007fefbadc000 	C:\Windows\system32\netutils.dll
0x000007fefd760000 - 0x000007fefd783000 	C:\Windows\system32\srvcli.dll
0x000007fefbab0000 - 0x000007fefbac5000 	C:\Windows\system32\wkscli.dll
0x000007feffbe0000 - 0x000007feffde1000 	C:\Windows\system32\ole32.dll
0x000007feffaf0000 - 0x000007feffbc7000 	C:\Windows\system32\OLEAUT32.dll
0x0000000074970000 - 0x0000000074b06000 	C:\Program Files\MATLAB\R2012a\bin\win64\mcr.dll
0x0000000075000000 - 0x000000007536b000 	C:\Program Files\MATLAB\R2012a\bin\win64\iqm.dll
0x0000000062210000 - 0x0000000062a31000 	C:\Program Files\MATLAB\R2012a\bin\win64\m_interpreter.dll
0x0000000073e40000 - 0x0000000073e65000 	C:\Program Files\MATLAB\R2012a\bin\win64\libmex.dll
0x00000000704a0000 - 0x0000000070553000 	C:\Program Files\MATLAB\R2012a\bin\win64\m_dispatcher.dll
0x0000000074880000 - 0x000000007496d000 	C:\Program Files\MATLAB\R2012a\bin\win64\boost_regex-vc90-mt-1_44.dll
0x0000000070410000 - 0x0000000070494000 	C:\Program Files\MATLAB\R2012a\bin\win64\profiler.dll
0x00000000047b0000 - 0x0000000004a05000 	C:\Program Files\MATLAB\R2012a\bin\win64\libmwmathutil.dll
0x0000000079f40000 - 0x0000000079f6d000 	C:\Program Files\MATLAB\R2012a\bin\win64\libmwmathrng.dll
0x0000000074c10000 - 0x0000000074ced000 	C:\Program Files\MATLAB\R2012a\bin\win64\libmwmathcore.dll
0x0000000076160000 - 0x00000000761cb000 	C:\Program Files\MATLAB\R2012a\bin\win64\libmwspmatrix.dll
0x0000000075ea0000 - 0x0000000075f02000 	C:\Program Files\MATLAB\R2012a\bin\win64\libmwcholmod.dll
0x000000007a460000 - 0x000000007a46d000 	C:\Program Files\MATLAB\R2012a\bin\win64\libmwamd.dll
0x000000007a4b0000 - 0x000000007a4bc000 	C:\Program Files\MATLAB\R2012a\bin\win64\libmwcolamd.dll
0x00000000729f0000 - 0x0000000072a09000 	C:\Program Files\MATLAB\R2012a\bin\win64\libmwblas.dll
0x0000000073e00000 - 0x0000000073e12000 	C:\Program Files\MATLAB\R2012a\bin\win64\libmwbinder.dll
0x0000000074260000 - 0x000000007426b000 	C:\Program Files\MATLAB\R2012a\bin\win64\libmwompwrapper.dll
0x000000006dce0000 - 0x000000006dd66000 	C:\Program Files\MATLAB\R2012a\bin\win64\libmwlapack.dll
0x00000000729c0000 - 0x00000000729e1000 	C:\Program Files\MATLAB\R2012a\bin\win64\m_pcodeio.dll
0x0000000079b10000 - 0x0000000079b77000 	C:\Program Files\MATLAB\R2012a\bin\win64\m_ir.dll
0x0000000061bc0000 - 0x0000000062210000 	C:\Program Files\MATLAB\R2012a\bin\win64\m_parser.dll
0x00000000726f0000 - 0x000000007270a000 	C:\Program Files\MATLAB\R2012a\bin\win64\ir_xfmr.dll
0x0000000063150000 - 0x00000000633c9000 	C:\Program Files\MATLAB\R2012a\bin\win64\mcos.dll
0x0000000073eb0000 - 0x0000000073ebc000 	C:\Program Files\MATLAB\R2012a\bin\win64\mtok.dll
0x00000000726b0000 - 0x00000000726e1000 	C:\Program Files\MATLAB\R2012a\bin\win64\m_pcodegen.dll
0x0000000079fb0000 - 0x0000000079fe7000 	C:\Program Files\MATLAB\R2012a\bin\win64\libmwbridge.dll
0x0000000065390000 - 0x0000000065458000 	C:\Program Files\MATLAB\R2012a\bin\win64\udd.dll
0x0000000062ff0000 - 0x0000000063142000 	C:\Program Files\MATLAB\R2012a\bin\win64\libmwgui.dll
0x000000006e3d0000 - 0x000000006e3e7000 	C:\Program Files\MATLAB\R2012a\bin\win64\graphics_util.dll
0x0000000061210000 - 0x0000000061bb3000 	C:\Program Files\MATLAB\R2012a\bin\win64\hg.dll
0x0000000004b80000 - 0x0000000004be7000 	C:\Program Files\MATLAB\R2012a\bin\win64\libmat.dll
0x0000000072d30000 - 0x0000000072f44000 	C:\Program Files\MATLAB\R2012a\bin\win64\hdf5dll.dll
0x0000000075710000 - 0x00000000757c1000 	C:\Program Files\MATLAB\R2012a\bin\win64\jmi.dll
0x0000000004c20000 - 0x0000000004c2e000 	C:\Program Files\MATLAB\R2012a\bin\win64\nativejava_services.dll
0x000000006de70000 - 0x000000006deb2000 	C:\Program Files\MATLAB\R2012a\bin\win64\libmwhardcopy.dll
0x000000006dc80000 - 0x000000006dcda000 	C:\Program Files\MATLAB\R2012a\bin\win64\libuij.dll
0x0000000061000000 - 0x000000006120c000 	C:\Program Files\MATLAB\R2012a\bin\win64\hgdatatypes.dll
0x0000000060f00000 - 0x0000000060ffd000 	C:\Program Files\MATLAB\R2012a\bin\win64\hgutils.dll
0x0000000065700000 - 0x00000000657bd000 	C:\Program Files\MATLAB\R2012a\bin\win64\udd_mi.dll
0x0000000004c90000 - 0x0000000004ccb000 	C:\Program Files\MATLAB\R2012a\bin\win64\libmwgbtutils.dll
0x0000000004ce0000 - 0x0000000004cf9000 	C:\Program Files\MATLAB\R2012a\bin\win64\libmwgbt.dll
0x0000000004d10000 - 0x0000000004fda000 	C:\Program Files\MATLAB\R2012a\bin\win64\uiw.dll
0x0000000073df0000 - 0x0000000073dff000 	C:\Program Files\MATLAB\R2012a\bin\win64\uinone.dll
0x000007fefa3b0000 - 0x000007fefa3c8000 	C:\Windows\system32\MPR.dll
0x0000000060a10000 - 0x0000000060ef4000 	C:\Windows\WinSxS\amd64_microsoft.vc90.mfc_1fc8b3b9a1e18e3b_9.0.30729.4148_none_04480933ab2137b1\mfc90.dll
0x000007fefb810000 - 0x000007fefb817000 	C:\Windows\system32\MSIMG32.dll
0x000007fef5970000 - 0x000007fef59e0000 	C:\Windows\system32\WINSPOOL.DRV
0x000000006df70000 - 0x000000006df90000 	C:\Program Files\MATLAB\R2012a\bin\win64\mwoles05.DLL
0x000000006dbd0000 - 0x000000006dc4c000 	C:\Program Files\MATLAB\R2012a\bin\win64\comcli.dll
0x000000006dee0000 - 0x000000006df0f000 	C:\Windows\WinSxS\amd64_microsoft.vc90.atl_1fc8b3b9a1e18e3b_9.0.30729.4148_none_0a1d2fcba76b3f00\ATL90.DLL
0x00000000729b0000 - 0x00000000729bc000 	C:\Program Files\MATLAB\R2012a\bin\win64\mlautoregister.dll
0x0000000005030000 - 0x0000000005040000 	C:\Program Files\MATLAB\R2012a\bin\win64\boost_iostreams-vc90-mt-1_44.dll
0x000007feffe40000 - 0x000007feffe6e000 	C:\Windows\system32\IMM32.DLL
0x000007fefe0e0000 - 0x000007fefe1e9000 	C:\Windows\system32\MSCTF.dll
0x000007fefc380000 - 0x000007fefc3d6000 	C:\Windows\system32\UxTheme.dll
0x000007fefbf60000 - 0x000007fefbf78000 	C:\Windows\system32\dwmapi.dll
0x00000000050a0000 - 0x00000000050c9000 	C:\Program Files\MATLAB\R2012a\bin\win64\tbbmalloc.dll
0x0000000078870000 - 0x0000000078ecd000 	C:\Program Files\MATLAB\R2012a\sys\java\jre\win64\jre\bin\server\jvm.dll
0x000007fef5930000 - 0x000007fef596b000 	C:\Windows\system32\WINMM.dll
0x000007fefdbf0000 - 0x000007fefdbff000 	C:\Windows\system32\profapi.dll
0x000007fefce10000 - 0x000007fefce37000 	C:\Windows\system32\iphlpapi.dll
0x000007fefce00000 - 0x000007fefce0b000 	C:\Windows\system32\WINNSI.DLL
0x000007fefd2e0000 - 0x000007fefd33b000 	C:\Windows\system32\DNSAPI.dll
0x000007fef9760000 - 0x000007fef9778000 	C:\Windows\system32\dhcpcsvc.DLL
0x000007fef9740000 - 0x000007fef9751000 	C:\Windows\system32\dhcpcsvc6.DLL
0x00000000726a0000 - 0x00000000726a3000 	C:\Windows\system32\icmp.Dll
0x000007fefdb20000 - 0x000007fefdb2f000 	C:\Windows\system32\CRYPTBASE.dll
0x000007fefdf80000 - 0x000007fefdfb6000 	C:\Windows\system32\CFGMGR32.dll
0x000000007a440000 - 0x000000007a44e000 	C:\Program Files\MATLAB\R2012a\sys\java\jre\win64\jre\bin\verify.dll
0x000000007a070000 - 0x000000007a097000 	C:\Program Files\MATLAB\R2012a\sys\java\jre\win64\jre\bin\java.dll
0x000000007a540000 - 0x000000007a54a000 	C:\Program Files\MATLAB\R2012a\sys\java\jre\win64\jre\bin\hpi.dll
0x000000007a370000 - 0x000000007a382000 	C:\Program Files\MATLAB\R2012a\sys\java\jre\win64\jre\bin\zip.dll
0x0000000075b90000 - 0x0000000075bfb000 	C:\Program Files\MATLAB\R2012a\sys\java\jre\win64\jre\bin\fontmanager.dll

VM Arguments:
jvm_args: -Xss512k -XX:PermSize=32m -Xms64m -XX:NewRatio=3 -XX:MaxPermSize=128m -Xmx196m -XX:MaxDirectMemorySize=2147400000 -Dsun.java2d.noddraw=true -Dsun.awt.nopixfmt=true -Xshare:off -Xrs -Dsun.awt.disableMixing=true -Djava.library.path=C:\Program Files\MATLAB\R2012a\bin\win64 vfprintf abort 
java_command: <unknown>
Launcher Type: generic

Environment Variables:
PATH=C:\ProgramData\Oracle\Java\javapath;C:\Program Files\Microsoft HPC Pack 2008 R2\Bin\;C:\Program Files (x86)\AMD APP\bin\x86_64;C:\Program Files (x86)\AMD APP\bin\x86;C:\Windows\system32;C:\Windows;C:\Windows\System32\Wbem;C:\Windows\System32\WindowsPowerShell\v1.0\;C:\Program Files\Broadcom\Broadcom 802.11\Driver;C:\Program Files\Intel\WiFi\bin\;C:\Program Files\Common Files\Intel\WirelessCommon\;c:\Program Files (x86)\ATI Technologies\ATI.ACE\Core-Static;C:\Program Files\MATLAB\R2012a\runtime\win64;C:\Program Files\MATLAB\R2012a\bin;C:\Users\HP\AppData\Local\Programs\LLNL\VisIt 2.6.2;C:\Program Files\Intel\WiFi\bin\;C:\Program Files\Common Files\Intel\WirelessCommon\;C:\Users\HP\Desktop
USERNAME=HP
OS=Windows_NT
PROCESSOR_IDENTIFIER=Intel64 Family 6 Model 42 Stepping 7, GenuineIntel



---------------  S Y S T E M  ---------------

OS: Windows 7 Build 7600 

CPU:total 8 (8 cores per cpu, 2 threads per core) family 6 model 42 stepping 7, cmov, cx8, fxsr, mmx, sse, sse2, sse3, ssse3, sse4.1, sse4.2, ht

Memory: 4k page, physical 8335216k(5511232k free), swap 16668536k(12916812k free)

vm_info: Java HotSpot(TM) 64-Bit Server VM (14.3-b01) for windows-amd64 JRE (1.6.0_17-b04), built on Oct 11 2009 00:46:08 by "java_re" with MS VC++ 8.0

time: Wed Nov 25 09:19:48 2015
elapsed time: 151678 seconds

